REQUEST BODY: {
    "marks": [
        "marka1",
        "marka2",
        "marka3"
    ]
}

RESPONSE BODY: 
REQUEST BODY: {
    "marks": [
        "marka1",
        "marka2",
        "marka3"
    ]
}

REQUEST BODY: {
    "marks": [
        "marka1",
        "marka2",
        "marka3"
    ]
}

REQUEST BODY: {
    "marks": [
        "marka1",
        "marka2",
        "marka3"
    ]
}
REQUEST BODY: {
    "marks": [
        "marka1",
        "marka2",
        "marka3"
    ]
}
REQUEST BODY: {
    "marks": [
        "marka1",
        "marka2",
        "marka3"
    ]
}
REQUEST BODY: {
    "marks": [
        "marka1",
        "marka2",
        "marka3"
    ]
}
REQUEST BODY: {
    "marks": [
        "marka1",
        "marka2",
        "marka3"
    ]
}
REQUEST BODY: {
    "marks": [
        "marka1",
        "marka2",
        "marka3",
        "sdafasdgf"
    ]
}
REQUEST BODY: {
    "marks": [
        "marka1",
        "marka2",
        "marka3",
        "sdafasdgf"
    ]
}
REQUEST BODY: {
    "marks": [
        "marka1",
        "marka2",
        "marka3",
        "sdafasdgf"
    ]
}
REQUEST BODY: {
    "marks": [
        "marka1",
        "marka2",
        "marka3",
        "sdafasdgf"
    ]
}
REQUEST BODY: {
    "marks": [
        "marka1",
        "marka2",
        "marka3",
        "231"
    ]
}
REQUEST BODY: {
    "marks": [
        "marka1",
        "marka2",
        "marka3",
        "231"
    ]
}
REQUEST BODY: {
    "marks": [
        "marka1",
        "marka2",
        "marka3",
        "231"
    ]
}
REQUEST BODY: {
    "marks": [
        "marka1",
        "marka2",
        "marka3",
        "231"
    ]
}
REQUEST BODY: {
    "marks": [
        "marka1",
        "marka2",
        "marka3",
        "231"
    ]
}
REQUEST BODY: {
    "marks": [
        "marka1",
        "marka2",
        "marka3",
        "231"
    ]
}
REQUEST BODY: {
    "marks": [
        "marka1",
        "marka2",
        "marka3",
        "231"
    ]
}
REQUEST BODY: {
    "marks": [
        "1",
        "4",
        "10"
    ]
}
REQUEST BODY: {
    "marks": [
        "1",
        "4",
        "10"
    ]
}
REQUEST BODY: {
    "marks": [
        "1",
        "4",
        "10"
    ]
}
REQUEST BODY: {
    "marks": [
        "1",
        "4",
        "10"
    ]
}
REQUEST BODY: {
    "marks": [
        "1",
        "4",
        "10"
    ]
}
REQUEST BODY: {
    "marks": [
        "1",
        "4",
        "10"
    ]
}
REQUEST BODY: {
    "marks": [
        "1",
        "4",
        "10"
    ]
}
REQUEST BODY: {
    "marks": [
        "1",
        "4",
        "10"
    ]
}
REQUEST BODY: {
    "marks": [
        "1",
        "4",
        "10"
    ]
}
REQUEST BODY: {
    "marks": [
        "1",
        "4",
        "10"
    ]
}
REQUEST BODY: {
    "marks": [
        "Залупа",
        "4",
        "10"
    ]
}
REQUEST BODY: {
    "marks": [
        "Залупа",
        "4",
        "10"
    ]
}
REQUEST BODY: {
    "marks": [
        "Залупа",
        "Вагина",
    ]
}
REQUEST BODY: {
    "marks": [
        "Залупа",
        "Вагина",
    ]
}
REQUEST BODY: {
    "marks": [
        "Залупа",
        "Вагина",
    ]
}
REQUEST BODY: {
    "marks": [
        "Залупа",
        "Вагина",
    ]
}
REQUEST BODY: {
    "marks": [
        "Залупа",
        "Вагина",
        "фывфыв"
    ]
}
REQUEST BODY: {
    "marks": [
        "Залупа",
        "Вагина",
        "фывфыв"
    ]
}
REQUEST BODY: {
    "marks": [
        "Залупа",
        "Вагина",
        "фывфыв"
    ]
}
REQUEST BODY: {
    "marks": [
        "Залупа",
        "Вагина"
    ]
}
REQUEST BODY: {
    "marks": [
        "Залупа"
    ]
}
REQUEST BODY: {
    "marks": [
        "Залупа",
        "Вагина"
    ]
}
REQUEST BODY: {
    "marks": [
        "Залупа",
        "Вагина"
    ]
}
REQUEST BODY: {
    "marks": [
        "Залупа"
    ]
}
REQUEST BODY: {
    "marks": [
        "Залупа"
    ]
}
REQUEST BODY: {
    "marks": [
        "Залупа"
    ]
}
REQUEST BODY: {
    "marks": [
        "Залупа"
    ]
}
REQUEST BODY: {
    "marks": [
        "Залупа",
        "Вагина"
    ]
}
REQUEST BODY: {
    "marks": [
        "Залупа",
        "Вагина"
    ]
}
REQUEST BODY: {
    "marks": [
        "Залупа",
        "Вагина"
    ]
}
REQUEST BODY: {
    "marks": [
        "Залупа",
        "Вагина"
    ]
}
REQUEST BODY: {
    "marks": [
        "Залупа",
        "Вагина"
    ]
}
REQUEST BODY: {
    "marks": [
        "Залупа",
        "Вагина"
    ]
}
REQUEST BODY: {
    "marks": [
        "Залупа",
        "Вагина"
    ]
}
REQUEST BODY: {
    "marks": [
        "Залупа",
        "Вагина"
    ]
}
REQUEST BODY: {
    "marks": [
        "Залупа",
        "Вагина"
    ]
}
REQUEST BODY: {
    "marks": [
        "Залупа",
        "Вагина"
    ]
}
REQUEST BODY: {
    "marks": [
        "Залупа",
        "Вагина"
    ]
}
REQUEST BODY: {
    "marks": [
        "Залупа",
        "Вагина"
    ]
}
REQUEST BODY: {
    "marks": [
        "Залупа",
        "Вагина"
    ]
}
REQUEST BODY: {
    "marks": [
        "Залупа",
        "Вагина"
    ]
}
REQUEST BODY: {
    "marks": [
        "Залупа",
        "Вагина"
    ]
}
REQUEST BODY: {
    "marks": [
        "Залупа",
        "Вагина"
    ]
}
REQUEST BODY: {
    "marks": [
        "Залупа",
        "Вагина"
    ]
}
REQUEST BODY: {
    "marks": [
        "Залупа",
        "Вагина"
    ]
}
REQUEST BODY: {
    "marks": [
        "Залупа",
        "Вагина"
    ]
}
REQUEST BODY: {
    "marks": [
        "Залупа",
        "Вагина"
    ]
}
REQUEST BODY: {
    "marks": [
        "Залупа",
        "Вагина"
    ]
}
REQUEST BODY: {
    "marks": [
        "Залупа",
        "Вагина"
    ]
}
REQUEST BODY: {
    "marks": [
        "Залупа",
        "Вагина"
    ]
}
REQUEST BODY: {
    "marks": [
        "Залупа",
        "Вагина"
    ]
}
REQUEST BODY: {
    "marks": [
        "Залупа",
        "Вагина"
    ]
}
REQUEST BODY: {
    "marks": [
        "Залупа",
        "Вагина"
    ]
}
REQUEST BODY: {
    "marks": [
        "Залупа",
        "Вагина"
    ]
}
REQUEST BODY: {
    "marks": [
        "Залупа",
        "Вагина"
    ]
}
REQUEST BODY: {
    "marks": [
        "Залупа",
        "Вагина"
    ]
}
REQUEST BODY: {
    "marks": [
        "Залупа",
        "Вагина"
    ]
}
REQUEST BODY: {
    "marks": [
        "Залупа",
        "Вагина"
    ]
}
REQUEST BODY: {
    "marks": [
        "Залупа",
        "Вагина"
    ]
}
REQUEST BODY: {
    "marks": [
        "Залупа",
        "Вагина"
    ]
}
REQUEST BODY: {
    "marks": [
        "Залупа",
        "Вагина"
    ]
}
REQUEST BODY: {
    "marks": [
        "Залупа",
        "Вагина"
    ]
}
REQUEST BODY: {
    "marks": [
        "Залупа",
        "Вагина"
    ]
}
REQUEST BODY: {
    "marks": [
        "Залупа",
        "Вагина"
    ]
}
REQUEST BODY: {
    "marks": [
        "Залупа",
        "Вагина"
    ]
}
REQUEST BODY: {
    "marks": [
        "Вагина"
    ]
}
REQUEST BODY: {
    "marks": [
        "Вагина"
    ]
}
REQUEST BODY: {
    "marks": [
        "Вагина"
    ]
}
REQUEST BODY: {
    "marks": [
        "Вагина"
    ]
}
REQUEST BODY: {
    "marks": [
        "Вагина"
    ]
}
REQUEST BODY: {
    "marks": [
        "Вагина"
    ]
}
REQUEST BODY: {
    "marks": [
        "Вагина"
    ]
}
REQUEST BODY: {
    "marks": [
        "Вагина"
    ]
}
REQUEST BODY: {
    "marks": [
        "Вагина"
    ]
}
REQUEST BODY: {
    "marks": [
        "Вагина"
    ]
}
REQUEST BODY: {
    "marks": [
        "Вагина"
    ]
}
REQUEST BODY: {
    "marks": [
        "Вагина"
    ]
}
REQUEST BODY: {
    "marks": [
        "Вагина"
    ]
}
REQUEST BODY: {
    "marks": [
        "Вагина"
    ]
}
REQUEST BODY: {
    "marks": [
        "Вагина"
    ]
}
REQUEST BODY: {
    "marks": [
        "Вагина"
    ]
}
REQUEST BODY: {
    "marks": [
        "Вагина"
    ]
}
REQUEST BODY: {
    "marks": [
        "Вагина"
    ]
}
REQUEST BODY: {
    "marks": [
        "Вагина"
    ]
}
REQUEST BODY: {
    "marks": [
        "Вагина"
    ]
}
REQUEST BODY: {
    "marks": [
        "Вагина"
    ]
}
REQUEST BODY: {
    "marks": [
        "Вагина"
    ]
}
REQUEST BODY: {
    "marks": [
        "Вагина"
    ]
}
REQUEST BODY: {
    "marks": [
        "Вагина"
    ]
}
REQUEST BODY: {
    "marks": [
        "Вагина"
    ]
}
REQUEST BODY: {
    "marks": [
        "Вагина"
    ]
}
REQUEST BODY: {
    "marks": [
        "Вагина"
    ]
}
REQUEST BODY: {
    "marks": [
        "Вагина"
    ]
}
REQUEST BODY: {
    "marks": [
        "Вагина"
    ]
}
REQUEST BODY: {
    "marks": [
        "Вагина"
    ]
}
REQUEST BODY: {
    "marks": [
        "Вагина"
    ]
}
REQUEST BODY: {
    "marks": [
        "Вагина"
    ]
}
REQUEST BODY: {
    "marks": [
        "Вагина"
    ]
}
REQUEST BODY: {
    "marks": [
        "Вагина"
    ]
}
REQUEST BODY: {
    "marks": [
        "Вагина"
    ]
}
REQUEST BODY: {
    "marks": [
        "Вагина"
    ]
}
REQUEST BODY: {
    "marks": [
        "Вагина"
    ]
}
REQUEST BODY: {
    "marks": [
        "Вагина"
    ]
}
REQUEST BODY: {
    "marks": [
        "Вагина"
    ]
}
REQUEST BODY: {
    "marks": [
        "Вагина"
    ]
}
REQUEST BODY: {
    "marks": [
        "Вагина"
    ]
}
REQUEST BODY: {
    "marks": [
        "Вагина"
    ]
}
REQUEST BODY: {
    "marks": [
        "Вагина"
    ]
}
REQUEST BODY: {
    "marks": [
        "Вагина"
    ]
}
REQUEST BODY: {
    "marks": [
        "Вагина"
    ]
}
REQUEST BODY: {
    "marks": [
        "Вагина"
    ]
}
REQUEST BODY: {
    "marks": [
        "Вагина"
    ]
}
REQUEST BODY: {
    "marks": [
        "Вагина"
    ]
}
REQUEST BODY: {
    "marks": [
        "Вагина"
    ]
}
REQUEST BODY: {
    "marks": [
        "Вагина"
    ]
}
REQUEST BODY: {
    "marks": [
        "Вагина"
    ]
}
REQUEST BODY: {
    "marks": [
        "Вагина"
    ]
}
REQUEST BODY: {
    "marks": [
        "Вагина"
    ]
}
REQUEST BODY: {
    "marks": [
        "Вагина"
    ]
}
REQUEST BODY: {
    "marks": [
        "Вагина"
    ]
}
REQUEST BODY: {
    "marks": [
        "Вагина"
    ]
}
REQUEST BODY: {
    "marks": [
        "Вагина"
    ]
}
REQUEST BODY: {
    "marks": [
        "Вагина"
    ]
}
REQUEST BODY: {
    "marks": [
        "Вагина"
    ]
}
REQUEST BODY: {
    "marks": [
        "Вагина"
    ]
}
REQUEST BODY: {
    "marks": [
        "Вагина"
    ]
}
REQUEST BODY: {
    "marks": [
        "Вагина"
    ]
}
REQUEST BODY: {
    "marks": [
        "Вагина"
    ]
}
REQUEST BODY: {
    "marks": [
        "Вагина"
    ]
}
REQUEST BODY: {
    "marks": [
        "Вагина"
    ]
}
REQUEST BODY: {
    "marks": [
        "Вагина"
    ]
}
REQUEST BODY: {
    "marks": [
        "Вагина"
    ]
}
REQUEST BODY: {
    "marks": [
        "Вагина"
    ]
}
REQUEST BODY: {
    "marks": [
        "Вагина"
    ]
}
REQUEST BODY: {
    "marks": [
        "Вагина"
    ]
}
REQUEST BODY: {
    "marks": [
        "Вагина"
    ]
}
REQUEST BODY: {
    "marks": [
        "Вагина"
    ]
}
REQUEST BODY: {
    "marks": [
        "Вагина"
    ]
}
REQUEST BODY: {
    "marks": [
        "Вагина"
    ]
}
REQUEST BODY: {
    "marks": [
        "Вагина"
    ]
}
REQUEST BODY: {
    "marks": [
        "Вагина"
    ]
}
REQUEST BODY: {
    "marks": [
        "Вагина"
    ]
}
REQUEST BODY: {
    "marks": [
        "Вагина"
    ]
}
REQUEST BODY: {
    "marks": [
        "Вагина"
    ]
}
REQUEST BODY: {
    "marks": [
        "Вагина"
    ]
}
REQUEST BODY: {
    "marks": [
        "Вагина"
    ]
}
REQUEST BODY: {
    "marks": [
        "Вагина",
        "Залупа"
    ]
}
REQUEST BODY: {
    "marks": [
        "Вагина",
        "Залупа"
    ]
}
REQUEST BODY: {
    "marks": [
        "Вагина",
        "Залупа"
    ]
}
REQUEST BODY: {
    "marks": [
        "Вагина"
    ]
}
REQUEST BODY: {
    "marks": [
        "Вагина"
    ]
}
REQUEST BODY: {
    "marks": [
        "Вагина",
        "Залупа"
    ]
}
REQUEST BODY: {
    "marks": [
        "Вагина",
        "Залупа"
    ]
}
REQUEST BODY: 
REQUEST BODY: 
REQUEST BODY: 
REQUEST BODY: 
REQUEST BODY: {
    "marks": [
        "321",
        "Залупа",
        "1234"
    ]
}
REQUEST BODY: {
    "marks": [
        "789",
        "1234"
    ]
}
REQUEST BODY: {
    "marks": [
        "321",
        "312321",
        "1234"
    ]
}
